<?xml version="1.0" encoding="UTF-8"?>
<testng-results ignored="0" total="12" passed="12" failed="0" skipped="0">
  <reporter-output>
  </reporter-output>
  <suite started-at="2023-10-05T13:10:10 IST" name="Commerce Site Test" finished-at="2023-10-05T13:10:50 IST" duration-ms="39957">
    <groups>
    </groups>
    <test started-at="2023-10-05T13:10:10 IST" name="Functionality Test" finished-at="2023-10-05T13:10:50 IST" duration-ms="39957">
      <class name="com.datalink.test.TestClass">
        <test-method is-config="true" signature="Setup()[pri:0, instance:com.datalink.test.TestClass@7bba5817]" started-at="2023-10-05T13:10:10 IST" name="Setup" finished-at="2023-10-05T13:10:26 IST" duration-ms="15390" status="PASS">
          <reporter-output>
          </reporter-output>
        </test-method> <!-- Setup -->
        <test-method signature="readUserData()[pri:1, instance:com.datalink.test.TestClass@7bba5817]" started-at="2023-10-05T13:10:26 IST" name="readUserData" finished-at="2023-10-05T13:10:30 IST" duration-ms="3884" status="PASS">
          <reporter-output>
          </reporter-output>
        </test-method> <!-- readUserData -->
        <test-method signature="AddToCart()[pri:2, instance:com.datalink.test.TestClass@7bba5817]" started-at="2023-10-05T13:10:30 IST" name="AddToCart" finished-at="2023-10-05T13:10:31 IST" duration-ms="1139" status="PASS">
          <reporter-output>
          </reporter-output>
        </test-method> <!-- AddToCart -->
        <test-method signature="CheckCart()[pri:3, instance:com.datalink.test.TestClass@7bba5817]" started-at="2023-10-05T13:10:33 IST" name="CheckCart" finished-at="2023-10-05T13:10:34 IST" duration-ms="1436" status="PASS">
          <reporter-output>
          </reporter-output>
        </test-method> <!-- CheckCart -->
        <test-method signature="Checkout()[pri:4, instance:com.datalink.test.TestClass@7bba5817]" started-at="2023-10-05T13:10:35 IST" name="Checkout" finished-at="2023-10-05T13:10:36 IST" duration-ms="1181" status="PASS">
          <reporter-output>
          </reporter-output>
        </test-method> <!-- Checkout -->
        <test-method signature="FirstName()[pri:5, instance:com.datalink.test.TestClass@7bba5817]" started-at="2023-10-05T13:10:36 IST" name="FirstName" finished-at="2023-10-05T13:10:37 IST" duration-ms="1389" status="PASS">
          <reporter-output>
          </reporter-output>
        </test-method> <!-- FirstName -->
        <test-method signature="LastName()[pri:6, instance:com.datalink.test.TestClass@7bba5817]" started-at="2023-10-05T13:10:38 IST" name="LastName" finished-at="2023-10-05T13:10:39 IST" duration-ms="1376" status="PASS">
          <reporter-output>
          </reporter-output>
        </test-method> <!-- LastName -->
        <test-method signature="ZipCode()[pri:7, instance:com.datalink.test.TestClass@7bba5817]" started-at="2023-10-05T13:10:39 IST" name="ZipCode" finished-at="2023-10-05T13:10:40 IST" duration-ms="1316" status="PASS">
          <reporter-output>
          </reporter-output>
        </test-method> <!-- ZipCode -->
        <test-method signature="Continue()[pri:8, instance:com.datalink.test.TestClass@7bba5817]" started-at="2023-10-05T13:10:41 IST" name="Continue" finished-at="2023-10-05T13:10:42 IST" duration-ms="1270" status="PASS">
          <reporter-output>
          </reporter-output>
        </test-method> <!-- Continue -->
        <test-method signature="Finish()[pri:9, instance:com.datalink.test.TestClass@7bba5817]" started-at="2023-10-05T13:10:42 IST" name="Finish" finished-at="2023-10-05T13:10:43 IST" duration-ms="1156" status="PASS">
          <reporter-output>
          </reporter-output>
        </test-method> <!-- Finish -->
        <test-method signature="BackToHome()[pri:10, instance:com.datalink.test.TestClass@7bba5817]" started-at="2023-10-05T13:10:44 IST" name="BackToHome" finished-at="2023-10-05T13:10:45 IST" duration-ms="1168" status="PASS">
          <reporter-output>
          </reporter-output>
        </test-method> <!-- BackToHome -->
        <test-method signature="MenuBtn()[pri:11, instance:com.datalink.test.TestClass@7bba5817]" started-at="2023-10-05T13:10:45 IST" name="MenuBtn" finished-at="2023-10-05T13:10:46 IST" duration-ms="1142" status="PASS">
          <reporter-output>
          </reporter-output>
        </test-method> <!-- MenuBtn -->
        <test-method signature="Logout()[pri:12, instance:com.datalink.test.TestClass@7bba5817]" started-at="2023-10-05T13:10:46 IST" name="Logout" finished-at="2023-10-05T13:10:48 IST" duration-ms="1173" status="PASS">
          <reporter-output>
          </reporter-output>
        </test-method> <!-- Logout -->
        <test-method is-config="true" signature="tearDown()[pri:0, instance:com.datalink.test.TestClass@7bba5817]" started-at="2023-10-05T13:10:48 IST" name="tearDown" finished-at="2023-10-05T13:10:50 IST" duration-ms="2452" status="PASS">
          <reporter-output>
          </reporter-output>
        </test-method> <!-- tearDown -->
      </class> <!-- com.datalink.test.TestClass -->
    </test> <!-- Functionality Test -->
  </suite> <!-- Commerce Site Test -->
</testng-results>
